[17Apr2023 00:00:02.385] [Server thread/INFO] [net.minecraft.server.MinecraftServer/]: [Dev: Summoned new entity.battletowers.battletower_golem]
[17Apr2023 00:00:02.395] [Render thread/INFO] [net.minecraft.client.gui.components.ChatComponent/]: [System] [CHAT] Summoned new entity.battletowers.battletower_golem
[17Apr2023 00:00:02.586] [Server thread/INFO] [net.minecraft.server.MinecraftServer/]: Stopping server
[17Apr2023 00:00:02.587] [Server thread/INFO] [net.minecraft.server.MinecraftServer/]: Saving players
[17Apr2023 00:00:02.591] [Server thread/INFO] [net.minecraft.server.network.ServerGamePacketListenerImpl/]: Dev lost connection: Disconnected
[17Apr2023 00:00:02.591] [Server thread/INFO] [net.minecraft.server.MinecraftServer/]: Dev left the game
[17Apr2023 00:00:02.594] [Server thread/INFO] [net.minecraft.server.network.ServerGamePacketListenerImpl/]: Stopping singleplayer server as player logged out
[17Apr2023 00:00:02.594] [Server thread/INFO] [net.minecraft.server.MinecraftServer/]: Saving worlds
[17Apr2023 00:00:03.180] [Server thread/INFO] [net.minecraft.server.MinecraftServer/]: Saving chunks for level 'ServerLevel[New World]'/minecraft:overworld
[17Apr2023 00:00:03.413] [Server thread/INFO] [net.minecraft.server.MinecraftServer/]: Saving chunks for level 'ServerLevel[New World]'/minecraft:the_nether
[17Apr2023 00:00:03.414] [Server thread/INFO] [net.minecraft.server.MinecraftServer/]: Saving chunks for level 'ServerLevel[New World]'/minecraft:the_end
[17Apr2023 00:00:03.423] [Server thread/INFO] [net.minecraft.server.MinecraftServer/]: ThreadedAnvilChunkStorage (New World): All chunks are saved
[17Apr2023 00:00:03.423] [Server thread/INFO] [net.minecraft.server.MinecraftServer/]: ThreadedAnvilChunkStorage (DIM-1): All chunks are saved
[17Apr2023 00:00:03.423] [Server thread/INFO] [net.minecraft.server.MinecraftServer/]: ThreadedAnvilChunkStorage (DIM1): All chunks are saved
[17Apr2023 00:00:03.423] [Server thread/INFO] [net.minecraft.server.MinecraftServer/]: ThreadedAnvilChunkStorage: All dimensions are saved
[17Apr2023 00:00:03.850] [Render thread/ERROR] [net.minecraft.client.Minecraft/FATAL]: Reported exception thrown!
net.minecraft.ReportedException: Rendering entity in world
	at net.minecraft.client.renderer.entity.EntityRenderDispatcher.render(EntityRenderDispatcher.java:165) ~[forge-1.19.2-43.2.8_mapped_parchment_2022.11.27-1.19.2-recomp.jar%23183!/:?]
	at net.minecraft.client.renderer.LevelRenderer.renderEntity(LevelRenderer.java:1469) ~[forge-1.19.2-43.2.8_mapped_parchment_2022.11.27-1.19.2-recomp.jar%23183!/:?]
	at net.minecraft.client.renderer.LevelRenderer.renderLevel(LevelRenderer.java:1249) ~[forge-1.19.2-43.2.8_mapped_parchment_2022.11.27-1.19.2-recomp.jar%23183!/:?]
	at net.minecraft.client.renderer.GameRenderer.renderLevel(GameRenderer.java:1080) ~[forge-1.19.2-43.2.8_mapped_parchment_2022.11.27-1.19.2-recomp.jar%23183!/:?]
	at net.minecraft.client.renderer.GameRenderer.render(GameRenderer.java:852) ~[forge-1.19.2-43.2.8_mapped_parchment_2022.11.27-1.19.2-recomp.jar%23183!/:?]
	at net.minecraft.client.Minecraft.runTick(Minecraft.java:1141) ~[forge-1.19.2-43.2.8_mapped_parchment_2022.11.27-1.19.2-recomp.jar%23183!/:?]
	at net.minecraft.client.Minecraft.run(Minecraft.java:705) ~[forge-1.19.2-43.2.8_mapped_parchment_2022.11.27-1.19.2-recomp.jar%23183!/:?]
	at net.minecraft.client.main.Main.run(Main.java:212) ~[forge-1.19.2-43.2.8_mapped_parchment_2022.11.27-1.19.2-recomp.jar%23183!/:?]
	at net.minecraft.client.main.Main.main(Main.java:51) ~[forge-1.19.2-43.2.8_mapped_parchment_2022.11.27-1.19.2-recomp.jar%23183!/:?]
	at jdk.internal.reflect.NativeMethodAccessorImpl.invoke0(Native Method) ~[?:?]
	at jdk.internal.reflect.NativeMethodAccessorImpl.invoke(NativeMethodAccessorImpl.java:77) ~[?:?]
	at jdk.internal.reflect.DelegatingMethodAccessorImpl.invoke(DelegatingMethodAccessorImpl.java:43) ~[?:?]
	at java.lang.reflect.Method.invoke(Method.java:568) ~[?:?]
	at net.minecraftforge.fml.loading.targets.ForgeClientUserdevLaunchHandler.lambda$launchService$0(ForgeClientUserdevLaunchHandler.java:25) ~[fmlloader-1.19.2-43.2.8.jar%2395!/:?]
	at cpw.mods.modlauncher.LaunchServiceHandlerDecorator.launch(LaunchServiceHandlerDecorator.java:30) [modlauncher-10.0.8.jar%23108!/:?]
	at cpw.mods.modlauncher.LaunchServiceHandler.launch(LaunchServiceHandler.java:53) [modlauncher-10.0.8.jar%23108!/:?]
	at cpw.mods.modlauncher.LaunchServiceHandler.launch(LaunchServiceHandler.java:71) [modlauncher-10.0.8.jar%23108!/:?]
	at cpw.mods.modlauncher.Launcher.run(Launcher.java:106) [modlauncher-10.0.8.jar%23108!/:?]
	at cpw.mods.modlauncher.Launcher.main(Launcher.java:77) [modlauncher-10.0.8.jar%23108!/:?]
	at cpw.mods.modlauncher.BootstrapLaunchConsumer.accept(BootstrapLaunchConsumer.java:26) [modlauncher-10.0.8.jar%23108!/:?]
	at cpw.mods.modlauncher.BootstrapLaunchConsumer.accept(BootstrapLaunchConsumer.java:23) [modlauncher-10.0.8.jar%23108!/:?]
	at cpw.mods.bootstraplauncher.BootstrapLauncher.main(BootstrapLauncher.java:141) [bootstraplauncher-1.1.2.jar:?]
Caused by: java.lang.NullPointerException
	at java.util.Objects.requireNonNull(Objects.java:208) ~[?:?]
	at java.util.Optional.of(Optional.java:113) ~[?:?]
	at net.minecraft.client.renderer.RenderStateShard$TextureStateShard.<init>(RenderStateShard.java:504) ~[forge-1.19.2-43.2.8_mapped_parchment_2022.11.27-1.19.2-recomp.jar%23183!/:?]
	at net.minecraft.client.renderer.RenderType.lambda$static$3(RenderType.java:47) ~[forge-1.19.2-43.2.8_mapped_parchment_2022.11.27-1.19.2-recomp.jar%23183!/:?]
	at net.minecraft.Util$11.lambda$apply$0(Util.java:722) ~[forge-1.19.2-43.2.8_mapped_parchment_2022.11.27-1.19.2-recomp.jar%23183!/:?]
	at java.util.HashMap.computeIfAbsent(HashMap.java:1220) ~[?:?]
	at net.minecraft.Util$11.apply(Util.java:721) ~[forge-1.19.2-43.2.8_mapped_parchment_2022.11.27-1.19.2-recomp.jar%23183!/:?]
	at net.minecraft.client.renderer.RenderType.entityCutoutNoCull(RenderType.java:188) ~[forge-1.19.2-43.2.8_mapped_parchment_2022.11.27-1.19.2-recomp.jar%23183!/:?]
	at net.minecraft.client.renderer.RenderType.entityCutoutNoCull(RenderType.java:192) ~[forge-1.19.2-43.2.8_mapped_parchment_2022.11.27-1.19.2-recomp.jar%23183!/:?]
	at net.minecraft.client.model.Model.renderType(Model.java:20) ~[forge-1.19.2-43.2.8_mapped_parchment_2022.11.27-1.19.2-recomp.jar%23183!/:?]
	at net.minecraft.client.renderer.entity.LivingEntityRenderer.getRenderType(LivingEntityRenderer.java:146) ~[forge-1.19.2-43.2.8_mapped_parchment_2022.11.27-1.19.2-recomp.jar%23183!/:?]
	at net.minecraft.client.renderer.entity.LivingEntityRenderer.render(LivingEntityRenderer.java:122) ~[forge-1.19.2-43.2.8_mapped_parchment_2022.11.27-1.19.2-recomp.jar%23183!/:?]
	at net.minecraft.client.renderer.entity.MobRenderer.render(MobRenderer.java:42) ~[forge-1.19.2-43.2.8_mapped_parchment_2022.11.27-1.19.2-recomp.jar%23183!/:?]
	at net.minecraft.client.renderer.entity.MobRenderer.render(MobRenderer.java:20) ~[forge-1.19.2-43.2.8_mapped_parchment_2022.11.27-1.19.2-recomp.jar%23183!/:?]
	at net.minecraft.client.renderer.entity.EntityRenderDispatcher.render(EntityRenderDispatcher.java:137) ~[forge-1.19.2-43.2.8_mapped_parchment_2022.11.27-1.19.2-recomp.jar%23183!/:?]
	... 21 more
[17Apr2023 00:00:03.854] [Render thread/FATAL] [net.minecraftforge.common.ForgeMod/]: Preparing crash report with UUID 35a83687-1a54-4061-b830-7990ca3ef4c5
[17Apr2023 00:00:03.856] [Render thread/FATAL] [net.minecraftforge.common.ForgeMod/]: Preparing crash report with UUID 631fecb2-67a4-4b6d-a35d-dea280c9ab71
